TN:
SF:script/DeployAlchemyRaffle.s.sol
DA:27,0
FN:27,DeployAlchemyRaffle.getNetworkConfig
FNDA:0,DeployAlchemyRaffle.getNetworkConfig
DA:28,0
BRDA:28,0,0,-
BRDA:28,0,1,-
DA:29,0
DA:36,0
BRDA:36,1,0,-
BRDA:36,1,1,-
DA:37,0
DA:44,0
BRDA:44,2,0,-
BRDA:44,2,1,-
DA:45,0
DA:52,0
BRDA:52,3,0,-
BRDA:52,3,1,-
DA:53,0
DA:60,0
BRDA:60,4,0,-
BRDA:60,4,1,-
DA:61,0
DA:68,0
BRDA:68,5,0,-
BRDA:68,5,1,-
DA:69,0
DA:77,0
DA:81,0
FN:81,DeployAlchemyRaffle.run
FNDA:0,DeployAlchemyRaffle.run
DA:83,0
DA:84,0
DA:87,0
DA:88,0
DA:89,0
DA:91,0
BRDA:91,6,0,-
BRDA:91,6,1,-
DA:92,0
BRDA:92,7,0,-
BRDA:92,7,1,-
DA:93,0
BRDA:93,8,0,-
BRDA:93,8,1,-
DA:96,0
DA:97,0
BRDA:97,9,0,-
DA:98,0
DA:101,0
DA:103,0
DA:113,0
DA:116,0
DA:117,0
DA:118,0
DA:119,0
DA:120,0
DA:121,0
DA:122,0
DA:123,0
DA:124,0
FNF:2
FNH:0
LF:38
LH:0
BRF:19
BRH:0
end_of_record
TN:
SF:src/AlchemyRaffle.sol
DA:135,0
FN:135,AlchemyRaffle.onlyAdmin
FNDA:0,AlchemyRaffle.onlyAdmin
DA:136,0
DA:140,0
FN:140,AlchemyRaffle._onlyAdmin
FNDA:0,AlchemyRaffle._onlyAdmin
DA:141,0
BRDA:141,0,0,-
BRDA:141,0,1,-
DA:152,0
FN:152,AlchemyRaffle.constructor
FNDA:0,AlchemyRaffle.constructor
DA:161,0
DA:162,0
DA:163,0
DA:164,0
DA:165,0
DA:172,0
FN:172,AlchemyRaffle.startRaffle
FNDA:0,AlchemyRaffle.startRaffle
DA:181,0
DA:183,0
DA:194,0
DA:196,0
DA:204,0
FN:204,AlchemyRaffle.sendFetchEntriesRequest
FNDA:0,AlchemyRaffle.sendFetchEntriesRequest
DA:205,0
DA:206,0
DA:209,0
DA:210,0
DA:211,0
DA:213,0
DA:214,0
DA:215,0
DA:218,0
DA:219,0
DA:221,0
DA:224,0
FN:224,AlchemyRaffle.fulfillRequest
FNDA:0,AlchemyRaffle.fulfillRequest
DA:225,0
BRDA:225,1,0,-
BRDA:225,1,1,-
DA:227,0
DA:228,0
BRDA:228,2,0,-
DA:229,0
DA:233,0
DA:234,0
DA:236,0
BRDA:236,3,0,-
DA:237,0
DA:238,0
DA:242,0
BRDA:242,4,0,-
BRDA:242,4,1,-
DA:244,0
DA:245,0
DA:248,0
DA:249,0
DA:252,0
DA:255,0
DA:256,0
DA:257,0
DA:259,0
DA:261,0
BRDA:261,5,0,-
BRDA:261,5,1,-
DA:262,0
DA:264,0
DA:265,0
DA:268,0
BRDA:268,6,0,-
BRDA:268,6,1,-
DA:270,0
DA:271,0
BRDA:271,7,0,-
DA:272,0
DA:276,0
DA:278,0
BRDA:278,8,0,-
DA:279,0
DA:280,0
DA:281,0
DA:284,0
DA:285,0
DA:287,0
DA:288,0
BRDA:288,9,0,-
DA:289,0
DA:290,0
DA:291,0
DA:294,0
DA:297,0
DA:298,0
DA:299,0
DA:301,0
DA:302,0
DA:305,0
DA:309,0
FN:309,AlchemyRaffle.requestRandomness
FNDA:0,AlchemyRaffle.requestRandomness
DA:311,0
DA:320,0
DA:321,0
DA:322,0
DA:324,0
DA:325,0
DA:328,0
FN:328,AlchemyRaffle.fulfillRandomWords
FNDA:0,AlchemyRaffle.fulfillRandomWords
DA:329,0
DA:330,0
BRDA:330,10,0,-
DA:331,0
DA:336,0
BRDA:336,11,0,-
DA:337,0
DA:339,0
DA:340,0
BRDA:340,12,0,-
DA:341,0
DA:344,0
DA:347,0
DA:349,0
DA:353,0
BRDA:353,13,0,-
BRDA:353,13,1,-
DA:354,0
DA:356,0
DA:360,0
DA:363,0
FN:363,AlchemyRaffle.sendFetchWinnerRequest
FNDA:0,AlchemyRaffle.sendFetchWinnerRequest
DA:364,0
DA:365,0
DA:368,0
DA:369,0
DA:370,0
BRDA:370,14,0,-
DA:371,0
DA:373,0
DA:377,0
DA:378,0
DA:379,0
DA:381,0
DA:383,0
DA:384,0
DA:387,0
DA:388,0
DA:389,0
DA:391,0
DA:395,0
FN:395,AlchemyRaffle.uint256ToString
FNDA:0,AlchemyRaffle.uint256ToString
DA:396,0
BRDA:396,15,0,-
DA:397,0
DA:398,0
DA:399,0
DA:400,0
DA:401,0
DA:403,0
DA:404,0
DA:405,0
DA:406,0
DA:407,0
DA:409,0
DA:420,0
FN:420,AlchemyRaffle.getLatestWinner
FNDA:0,AlchemyRaffle.getLatestWinner
DA:431,0
BRDA:431,16,0,-
BRDA:431,16,1,-
DA:433,0
DA:434,0
DA:436,0
DA:437,0
DA:438,0
DA:439,0
DA:450,0
FN:450,AlchemyRaffle.getWinnerByRaffleId
FNDA:0,AlchemyRaffle.getWinnerByRaffleId
DA:460,0
BRDA:460,17,0,-
BRDA:460,17,1,-
DA:462,0
DA:464,0
DA:465,0
DA:466,0
DA:467,0
DA:474,0
FN:474,AlchemyRaffle.getRaffleDetails
FNDA:0,AlchemyRaffle.getRaffleDetails
DA:488,0
BRDA:488,18,0,-
BRDA:488,18,1,-
DA:490,0
DA:492,0
DA:508,0
FN:508,AlchemyRaffle.retryWinnerFetch
FNDA:0,AlchemyRaffle.retryWinnerFetch
DA:509,0
BRDA:509,19,0,-
BRDA:509,19,1,-
DA:510,0
BRDA:510,20,0,-
BRDA:510,20,1,-
DA:513,0
DA:520,0
FN:520,AlchemyRaffle.updateVrfCallbackGasLimit
FNDA:0,AlchemyRaffle.updateVrfCallbackGasLimit
DA:521,0
BRDA:521,21,0,-
BRDA:521,21,1,-
DA:522,0
BRDA:522,22,0,-
BRDA:522,22,1,-
DA:523,0
DA:531,0
FN:531,AlchemyRaffle.updateFunctionsGasLimit
FNDA:0,AlchemyRaffle.updateFunctionsGasLimit
DA:532,0
BRDA:532,23,0,-
BRDA:532,23,1,-
DA:533,0
BRDA:533,24,0,-
BRDA:533,24,1,-
DA:534,0
DA:537,0
FN:537,AlchemyRaffle._tryParseAddress
FNDA:0,AlchemyRaffle._tryParseAddress
DA:538,0
DA:539,0
DA:540,0
BRDA:540,25,0,-
DA:541,0
DA:545,0
DA:546,0
DA:547,0
DA:551,0
DA:552,0
DA:553,0
DA:556,0
BRDA:556,26,0,-
DA:557,0
DA:560,0
BRDA:560,27,0,-
DA:561,0
DA:564,0
BRDA:564,28,0,-
DA:565,0
DA:568,0
DA:569,0
DA:570,0
DA:571,0
DA:573,0
BRDA:573,29,0,-
BRDA:573,29,1,-
DA:574,0
DA:575,0
BRDA:575,30,0,-
BRDA:575,30,1,-
DA:576,0
DA:577,0
BRDA:577,31,0,-
BRDA:577,31,1,-
DA:578,0
DA:580,0
DA:583,0
DA:586,0
DA:589,0
FN:589,AlchemyRaffle._isWhitespace
FNDA:0,AlchemyRaffle._isWhitespace
DA:590,0
FNF:18
FNH:0
LF:191
LH:0
BRF:50
BRH:0
end_of_record
TN:
SF:test/mocks/MockContracts.sol
DA:28,0
FN:28,MockVRFCoordinator.requestRandomWords
FNDA:0,MockVRFCoordinator.requestRandomWords
DA:31,0
DA:32,0
DA:33,0
DA:35,0
DA:46,0
DA:49,0
FN:49,MockVRFCoordinator.fulfillRandomWords
FNDA:0,MockVRFCoordinator.fulfillRandomWords
DA:50,0
DA:51,0
BRDA:51,0,0,-
BRDA:51,0,1,-
DA:53,0
DA:56,0
BRDA:56,1,0,-
BRDA:56,1,1,-
DA:61,0
FN:61,MockVRFCoordinator.getRequestSender.0
FNDA:0,MockVRFCoordinator.getRequestSender.0
DA:62,0
DA:75,0
FN:75,MockFunctionsRouter.sendRequest
FNDA:0,MockFunctionsRouter.sendRequest
DA:82,0
DA:83,0
DA:84,0
DA:86,0
DA:87,0
DA:90,0
FN:90,MockFunctionsRouter.fulfillRequest
FNDA:0,MockFunctionsRouter.fulfillRequest
DA:95,0
DA:96,0
BRDA:96,2,0,-
BRDA:96,2,1,-
DA:98,0
DA:101,0
BRDA:101,3,0,-
BRDA:101,3,1,-
DA:106,0
FN:106,MockFunctionsRouter.getRequestSender.1
FNDA:0,MockFunctionsRouter.getRequestSender.1
DA:107,0
DA:123,0
FN:123,MockLinkToken.constructor
FNDA:0,MockLinkToken.constructor
DA:124,0
DA:125,0
DA:128,0
FN:128,MockLinkToken.balanceOf
FNDA:0,MockLinkToken.balanceOf
DA:129,0
DA:132,0
FN:132,MockLinkToken.transfer
FNDA:0,MockLinkToken.transfer
DA:133,0
BRDA:133,4,0,-
BRDA:133,4,1,-
DA:134,0
DA:135,0
DA:136,0
DA:137,0
DA:140,0
FN:140,MockLinkToken.mint
FNDA:0,MockLinkToken.mint
DA:141,0
DA:142,0
DA:143,0
FNF:10
FNH:0
LF:41
LH:0
BRF:10
BRH:0
end_of_record
